=~=~=~=~=~=~=~=~=~=~=~= PuTTY log 2022.07.28 21:03:28 =~=~=~=~=~=~=~=~=~=~=~=
00:04:51.196: Config loaded. SSID: RGW
00:04:51.413: onNotFound: Check if file exist else return 404
00:04:51.453: webhandleFileRead: Real file path: (normal) /robots.txt
00:04:51.465: onNotFound: Check if file exist else return 404
00:04:51.504: webhandleFileRead: Real file path: (normal) /robots.txt
00:04:51.515: onNotFound: Check if file exist else return 404
00:04:51.553: webhandleFileRead: Real file path: (normal) /index-mini.css
00:04:52.122: onNotFound: Check if file exist else return 404
00:04:52.161: webhandleFileRead: Real file path: (gzip) /roboto.woff.gz
00:04:52.301: onNotFound: Check if file exist else return 404
00:04:52.342: webhandleFileRead: Real file path: (normal) /favicon.ico
00:04:52.772: MainLoop: ArduinoOTA
00:04:52.779: Update Data to www
00:04:52.787: stats: Uptime: 4min. 52s.  ## Free memory: 42% 14.28kB bytes ## Wifi: 80% ## Mqtt reconnects: 0
00:04:52.793: Update_OpenTherm_data
00:04:52.797: Get Temps: floor2_temp: 22.44/24.50, floor1_temp: 21.94/22.50, roomtemp: 22.19/23.50
00:04:54.012: onNotFound: Check if file exist else return 404
00:04:54.052: webhandleFileRead: Real file path: (normal) /index-mini.css
00:04:54.325: onNotFound: Check if file exist else return 404
00:04:54.364: webhandleFileRead: Real file path: (normal) /index.css
00:04:54.476: MainLoop: ArduinoOTA
00:04:54.480: Update_OpenTherm_data
00:04:54.483: Get Temps: floor2_temp: 22.44/24.50, floor1_temp: 21.94/22.50, roomtemp: 22.19/23.50
00:04:55.119: onNotFound: Check if file exist else return 404
00:04:55.159: webhandleFileRead: Real file path: (gzip) /roboto.woff.gz
00:04:55.775: onNotFound: Check if file exist else return 404
00:04:55.815: webhandleFileRead: Real file path: (normal) /index.js
00:04:55.972: onNotFound: Check if file exist else return 404
00:04:56.012: webhandleFileRead: Real file path: (normal) /robots.txt
00:04:56.079: MainLoop: ArduinoOTA
00:04:56.090: Update Data to www
00:04:56.099: stats: Uptime: 4min. 56s.  ## Free memory: 31% 10.60kB bytes ## Wifi: 80% ## Mqtt reconnects: 0
00:04:56.105: Update_OpenTherm_data
00:04:56.108: Get Temps: floor2_temp: 22.44/24.50, floor1_temp: 21.94/22.50, roomtemp: 22.19/23.50
00:04:57.782: MainLoop: ArduinoOTA
00:04:57.789: Update_OpenTherm_data
00:04:57.792: Get Temps: floor2_temp: 22.44/24.50, floor1_temp: 21.94/22.50, roomtemp: 22.19/23.50
00:04:59.385: MainLoop: ArduinoOTA
00:04:59.390: Update Data to www
00:04:59.399: stats: Uptime: 4min. 59s.  ## Free memory: 44% 14.93kB bytes ## Wifi: 80% ## Mqtt reconnects: 0
00:04:59.404: Update_OpenTherm_data
00:04:59.408: Get Temps: floor2_temp: 22.44/24.50, floor1_temp: 21.94/22.50, roomtemp: 22.19/23.50
00:04:59.669: [4] Connected from 10.48.18.131
00:04:59.748: [4] get Text WS_EVT_DATA.
00:04:59.763: onNotFound: Check if file exist else return 404
00:04:59.804: webhandleFileRead: Real file path: (normal) /favicon.ico
00:05:00.988: MainLoop: ArduinoOTA
00:05:00.993: Update_OpenTherm_data
00:05:00.997: Get Temps: floor2_temp: 22.44/24.50, floor1_temp: 21.94/22.50, roomtemp: 22.19/23.50
00:05:02.592: MainLoop: ArduinoOTA
00:05:02.597: Update Data to www
00:05:02.605:  Wifi: 80% ## Mqtt reconnects: 0
00:00:49.538: Update_OpenTherm_data
00:00:49.541: Get Temps: floor2_temp: 22.44/24.50, floor1_temp: 21.94/22.50, roomtemp: 22.19/23.50
00:00:51.122: MainLoop: ArduinoOTA
00:00:51.127: Update_OpenTherm_data
00:00:51.130: Get Temps: floor2_temp: 22.44/24.50, floor1_temp: 21.94/22.50, roomtemp: 22.19/23.50
00:00:52.725: MainLoop: ArduinoOTA
00:00:52.730: Update Data to www
00:00:52.738: stats: Uptime: 52s.  ## Free memory: 53% 17.82kB bytes ## Wifi: 80% ## Mqtt reconnects: 0
00:00:52.742: Update_OpenTherm_data
00:00:52.746: Get Temps: floor2_temp: 22.44/24.50, floor1_temp: 21.94/22.50, roomtemp: 22.19/23.50
00:00:54.329: MainLoop: ArduinoOTA
00:00:54.333: Update_OpenTherm_data
00:00:54.337: Get Temps: floor2_temp: 22.44/24.50, floor1_temp: 21.94/22.50, roomtemp: 22.19/23.50
00:00:55.932: MainLoop: ArduinoOTA
00:00:55.936: Update Data to www
00:00:55.944: stats: Uptime: 55s.  ## Free memory: 53% 17.82kB bytes ## Wifi: 80% ## Mqtt reconnects: 0
00:00:55.948: Update_OpenTherm_data
00:00:55.952: Get Temps: floor2_temp: 22.44/24.50, floor1_temp: 21.94/22.50, roomtemp: 22.19/23.50
00:00:57.535: MainLoop: ArduinoOTA
00:00:57.540: Update_OpenTherm_data
00:00:57.543: Get Temps: floor2_temp: 22.44/24.50, floor1_temp: 21.94/22.50, roomtemp: 22.19/23.50
00:00:59.138: MainLoop: ArduinoOTA
00:00:59.143: Update Data to www
00:00:59.151: stats: Uptime: 59s.  ## Free memory: 53% 17.81kB bytes ## Wifi: 80% ## Mqtt reconnects: 0
00:00:59.155: Update_OpenTherm_data
00:00:59.160: Get Temps: floor2_temp: 22.44/24.50, floor1_temp: 21.94/22.50, roomtemp: 22.19/23.50
00:01:00.741: MainLoop: ArduinoOTA
00:01:00.746: Update_OpenTherm_data
00:01:00.749: Get Temps: floor2_temp: 22.44/24.50, floor1_temp: 21.94/22.50, roomtemp: 22.19/23.50
00:01:02.344: MainLoop: ArduinoOTA
00:01:02.349: Update Data to www
00:01:02.357: stats: Uptime: 1min. 2s.  ## Free memory: 53% 17.80kB bytes ## Wifi: 80% ## Mqtt reconnects: 0
00:01:02.362: Update_OpenTherm_data
00:01:02.365: Get Temps: floor2_temp: 22.44/24.50, floor1_temp: 21.94/22.50, roomtemp: 22.19/23.50
00:01:03.947: MainLoop: ArduinoOTA
00:01:03.952: Update_OpenTherm_data
00:01:03.956: Get Temps: floor2_temp: 22.44/24.50, floor1_temp: 21.94/22.50, roomtemp: 22.19/23.50
00:01:05.551: MainLoop: ArduinoOTA
00:01:05.555: Update Data to www
00:01:05.563: stats: Uptime: 1min. 5s.  ## Free memory: 53% 17.82kB bytes ## Wifi: 80% ## Mqtt reconnects: 0
00:01:05.569: Update_OpenTherm_data
00:01:05.572: Get Temps: floor2_temp: 22.44/24.50, floor1_temp: 21.94/22.50, roomtemp: 22.19/23.50
00:01:07.154: MainLoop: ArduinoOTA
00:01:07.159: Update_OpenTherm_data
00:01:07.163: Get Temps: floor2_temp: 22.44/24.50, floor1_temp: 21.94/22.50, roomtemp: 22.19/23.50
00:01:08.757: MainLoop: ArduinoOTA
00:01:08.762: Update Data to www
00:01:08.770: stats: Uptime: 1min. 8s.  ## Free memory: 53% 17.81kB bytes ## Wifi: 80% ## Mqtt reconnects: 0
00:01:08.775: Update_OpenTherm_data
00:01:08.778: Get Temps: floor2_temp: 22.44/24.50, floor1_temp: 21.94/22.50, roomtemp: 22.19/23.50
00:01:09.360: !!!!!!MQTT: Publish received.
00:01:09.366: !!!!!!MQTT: Publish received.
00:01:09.369: MQTT callback Topic: COWoda0/sensor/boilerroom/attributes, Received 550B message ...: {"rssi":-64,"CRT":50,"uptime":652324,"CO0_outside_temperature_North": 15.19,"CO0_outside_temperature_East": 16.56,"CO0_outside_temperature_West": 18.25,"CO0_outside_temperature_South": 17.63,"CO0_outside_temperature_Averange": 16.91,"CO0_boilerroom_temperature_CO": 20.63,"CO0_boilerroom_temperature_Water": 20.81,"CO0_boilerroom_temperature": 24.20,"CO0_boilerroom_pressure": 993,"CO0_boilerroom_high": 0.00,"CO0_boilerroom_highreal": 0.00,"CO0_boilerroom_gasCO": 37.00,"CO0_boilerroom_pump1Water_Energy": 0.01,"CO0_boilerroom_pump2CO_Energy": 0.01}
00:01:09.420: NEWS temp  updated from MQTT to: 16.91
00:01:09.569: !!!!!!MQTT: Publish received.
00:01:09.573: MQTT callback Topic: COWoda0/switch/boilerroom/attributes, Received 77B message ...: {"CRT":50,"CO0_boilerroom_pump1Water": "OFF","CO0_boilerroom_pump2CO": "OFF"}
00:01:09.582: Wood/coax CO Pump Status  to:  Disabled
00:01:09.586: Wood/coax Water Pump Status  to:  Disabled
00:01:09.894: !!!!!!MQTT: Publish received.
00:01:09.899: !!!!!!MQTT: Publish received.
00:01:09.902: MQTT callback Topic: FLOORH1/sensor/room/attributes, Received 807B message ...: {"rssi":-86,"HallSensor1":63,"CRT":683,"FL1_room_temperature_1": 21.94,"FL1_room_temperature_setpoin